0 info it worked if it ends with ok
1 verbose cli [ '/usr/local/bin/node', '/usr/local/bin/npm', 'run', 'start' ]
2 info using npm@3.10.4
3 info using node@v5.7.1
4 verbose run-script [ 'prestart', 'start', 'poststart' ]
5 info lifecycle redux-haikumvc@1.0.0~prestart: redux-haikumvc@1.0.0
6 silly lifecycle redux-haikumvc@1.0.0~prestart: no script for prestart, continuing
7 info lifecycle redux-haikumvc@1.0.0~start: redux-haikumvc@1.0.0
8 verbose lifecycle redux-haikumvc@1.0.0~start: unsafe-perm in lifecycle true
9 verbose lifecycle redux-haikumvc@1.0.0~start: PATH: /usr/local/lib/node_modules/npm/bin/node-gyp-bin:/Users/SashaBajzek/Code/redux-haikumvc/node_modules/.bin:/usr/local/bin:/Users/SashaBajzek/mongodb/bin:/usr/mongobd/bin:/usr/local/mongobd/bin:/usr/local/bin:/usr/bin:/bin:/usr/sbin:/sbin
10 verbose lifecycle redux-haikumvc@1.0.0~start: CWD: /Users/SashaBajzek/Code/redux-haikumvc
11 silly lifecycle redux-haikumvc@1.0.0~start: Args: [ '-c', 'babel-node index.jsx' ]
12 silly lifecycle redux-haikumvc@1.0.0~start: Returned: code: 1  signal: null
13 info lifecycle redux-haikumvc@1.0.0~start: Failed to exec start script
14 verbose stack Error: redux-haikumvc@1.0.0 start: `babel-node index.jsx`
14 verbose stack Exit status 1
14 verbose stack     at EventEmitter.<anonymous> (/usr/local/lib/node_modules/npm/lib/utils/lifecycle.js:242:16)
14 verbose stack     at emitTwo (events.js:100:13)
14 verbose stack     at EventEmitter.emit (events.js:185:7)
14 verbose stack     at ChildProcess.<anonymous> (/usr/local/lib/node_modules/npm/lib/utils/spawn.js:40:14)
14 verbose stack     at emitTwo (events.js:100:13)
14 verbose stack     at ChildProcess.emit (events.js:185:7)
14 verbose stack     at maybeClose (internal/child_process.js:827:16)
14 verbose stack     at Process.ChildProcess._handle.onexit (internal/child_process.js:211:5)
15 verbose pkgid redux-haikumvc@1.0.0
16 verbose cwd /Users/SashaBajzek/Code/redux-haikumvc
17 error Darwin 15.5.0
18 error argv "/usr/local/bin/node" "/usr/local/bin/npm" "run" "start"
19 error node v5.7.1
20 error npm  v3.10.4
21 error code ELIFECYCLE
22 error redux-haikumvc@1.0.0 start: `babel-node index.jsx`
22 error Exit status 1
23 error Failed at the redux-haikumvc@1.0.0 start script 'babel-node index.jsx'.
23 error Make sure you have the latest version of node.js and npm installed.
23 error If you do, this is most likely a problem with the redux-haikumvc package,
23 error not with npm itself.
23 error Tell the author that this fails on your system:
23 error     babel-node index.jsx
23 error You can get information on how to open an issue for this project with:
23 error     npm bugs redux-haikumvc
23 error Or if that isn't available, you can get their info via:
23 error     npm owner ls redux-haikumvc
23 error There is likely additional logging output above.
24 verbose exit [ 1, true ]
